Unable to capture context for thread 6544 in process 13416, can not generate back trace
Unable to capture context for thread 6704 in process 13416, can not generate back trace
Unable to capture context for thread 13952 in process 13416, can not generate back trace
Exception at PC 0x00007FFACDB4BB93
Printing stacktrace...

[0]  [0x00007FFACDB4BB93]
[1]  [0x00007FFACDB4BB93]
[2]  [0x00007FFACDB4B4A1]
[3]  [0x00007FFACDB4B3EF]
[4]  [0x00007FFACDB319FE]
[5]  [0x00007FFACDB30ED1]
[6]  [0x00007FFACDB30D76]
[7]  [0x00007FFACDAD79F6]
[8]  [0x00007FFACDAC7AFB]
[9]  [0x00007FFACDBEE90A]
[10]  [0x00007FFACDC09F87]
[11]  [0x00007FFACDC0A05F]
[12] (BaseThreadInitThunk+0x14) [0x00007FFB5BB97034]
[13] (RtlUserThreadStart+0x21) [0x00007FFB5D0C2651]
Done
Exception at PC 0x00007FFACD851A52
Attemped to write at address 0x00007FFB0269ABA4
Printing stacktrace...

[0]  [0x00007FFACD851A52]
[1]  [0x00007FFACD851A52]
[2]  [0x00007FFACD851AD4]
[3]  [0x00007FFACD993FF7]
[4]  [0x00007FFACD879128]
[5]  [0x00007FFACDB2DFB9]
[6]  [0x00007FFACDCFEF23]
[7]  [0x00007FFACDC0B06B]
[8]  [0x00007FFACDC008AF]
[9]  [0x00007FFACDC00A32]
[10] (RtlActivateActivationContextUnsafeFast+0x11d) [0x00007FFB5D089A1D]
[11] (LdrShutdownProcess+0x141) [0x00007FFB5D0CDB91]
[12] (RtlExitUserProcess+0xad) [0x00007FFB5D0CDA2D]
[13] (FatalExit+0xb) [0x00007FFB5BB9E0AB]
[14] (exit+0x85) [0x00007FFB5CC8A155]
[15] (initterm_e+0x245) [0x00007FFB5CC8A7C5]
[16]  [0x00000000004014CD]
[17]  [0x000000000040151B]
[18] (BaseThreadInitThunk+0x14) [0x00007FFB5BB97034]
[19] (RtlUserThreadStart+0x21) [0x00007FFB5D0C2651]
Done
