

================================================================
== Vivado HLS Report for 'advios'
================================================================
* Date:           Mon Oct  4 14:00:19 2021

* Version:        2017.2 (Build 1909853 on Thu Jun 15 18:55:24 MDT 2017)
* Project:        ADVIOS_HLS
* Solution:       solution1
* Product family: zynq
* Target device:  xc7z010clg400-1


================================================================
== Performance Estimates
================================================================
+ Timing (ns): 
    * Summary: 
    +--------+-------+----------+------------+
    |  Clock | Target| Estimated| Uncertainty|
    +--------+-------+----------+------------+
    |ap_clk  |   8.00|      4.33|        1.00|
    +--------+-------+----------+------------+

+ Latency (clock cycles): 
    * Summary: 
    +-----+-----+-----+-----+---------+
    |  Latency  |  Interval | Pipeline|
    | min | max | min | max |   Type  |
    +-----+-----+-----+-----+---------+
    |    0|    5|    1|    6|   none  |
    +-----+-----+-----+-----+---------+

    + Detail: 
        * Instance: 
        +---------------------------------------+-----------------------------+-----+-----+-----+-----+---------+
        |                                       |                             |  Latency  |  Interval | Pipeline|
        |                Instance               |            Module           | min | max | min | max |   Type  |
        +---------------------------------------+-----------------------------+-----+-----+-----+-----+---------+
        |grp_advios_periodic_Incrementer_fu_80  |advios_periodic_Incrementer  |    4|    4|    4|    4|   none  |
        |grp_advios_led_Controller_fu_104       |advios_led_Controller        |    4|    4|    4|    4|   none  |
        +---------------------------------------+-----------------------------+-----+-----+-----+-----+---------+

        * Loop: 
        N/A



================================================================
== Utilization Estimates
================================================================
* Summary: 
+-----------------+---------+-------+-------+-------+
|       Name      | BRAM_18K| DSP48E|   FF  |  LUT  |
+-----------------+---------+-------+-------+-------+
|DSP              |        -|      -|      -|      -|
|Expression       |        -|      -|      -|      -|
|FIFO             |        -|      -|      -|      -|
|Instance         |        -|      -|    145|    174|
|Memory           |        -|      -|      -|      -|
|Multiplexer      |        -|      -|      -|      9|
|Register         |        -|      -|      9|      -|
+-----------------+---------+-------+-------+-------+
|Total            |        0|      0|    154|    183|
+-----------------+---------+-------+-------+-------+
|Available        |      120|     80|  35200|  17600|
+-----------------+---------+-------+-------+-------+
|Utilization (%)  |        0|      0|   ~0  |      1|
+-----------------+---------+-------+-------+-------+

+ Detail: 
    * Instance: 
    +---------------------------------------+-----------------------------+---------+-------+-----+-----+
    |                Instance               |            Module           | BRAM_18K| DSP48E|  FF | LUT |
    +---------------------------------------+-----------------------------+---------+-------+-----+-----+
    |grp_advios_led_Controller_fu_104       |advios_led_Controller        |        0|      0|   23|   74|
    |grp_advios_periodic_Incrementer_fu_80  |advios_periodic_Incrementer  |        0|      0|  122|  100|
    +---------------------------------------+-----------------------------+---------+-------+-----+-----+
    |Total                                  |                             |        0|      0|  145|  174|
    +---------------------------------------+-----------------------------+---------+-------+-----+-----+

    * DSP48: 
    N/A

    * Memory: 
    N/A

    * FIFO: 
    N/A

    * Expression: 
    N/A

    * Multiplexer: 
    +-----------+----+-----------+-----+-----------+
    |    Name   | LUT| Input Size| Bits| Total Bits|
    +-----------+----+-----------+-----+-----------+
    |sec_pulse  |   9|          2|    1|          2|
    +-----------+----+-----------+-----+-----------+
    |Total      |   9|          2|    1|          2|
    +-----------+----+-----------+-----+-----------+

    * Register: 
    +----------------------+---+----+-----+-----------+
    |         Name         | FF| LUT| Bits| Const Bits|
    +----------------------+---+----+-----+-----------+
    |advios_sec_counter_V  |  4|   0|    4|          0|
    |outLeds               |  4|   0|    4|          0|
    |sec_pulse             |  1|   0|    1|          0|
    +----------------------+---+----+-----+-----------+
    |Total                 |  9|   0|    9|          0|
    +----------------------+---+----+-----+-----------+



================================================================
== Interface
================================================================
* Summary: 
+----------+-----+-----+------------+----------------+--------------+
| RTL Ports| Dir | Bits|  Protocol  |  Source Object |    C Type    |
+----------+-----+-----+------------+----------------+--------------+
|clk       |  in |    1| ap_ctrl_hs | advios::advios | return value |
|reset     |  in |    1| ap_ctrl_hs | advios::advios | return value |
|ctrl      |  in |    4|   ap_none  |      ctrl      |    pointer   |
|inSwitch  |  in |    4|   ap_none  |    inSwitch    |    pointer   |
|outLeds   | out |    4|   ap_vld   |     outLeds    |    pointer   |
+----------+-----+-----+------------+----------------+--------------+

