

================================================================
== Vivado HLS Report for 'ADVIOS_periodic_Incrementer'
================================================================
* Date:           Mon Oct  4 10:42:19 2021

* Version:        2017.2 (Build 1909853 on Thu Jun 15 18:55:24 MDT 2017)
* Project:        ADVIOS_HLS
* Solution:       solution1
* Product family: zynq
* Target device:  xc7z010clg400-1


================================================================
== Performance Estimates
================================================================
+ Timing (ns): 
    * Summary: 
    +--------+-------+----------+------------+
    |  Clock | Target| Estimated| Uncertainty|
    +--------+-------+----------+------------+
    |ap_clk  |   8.00|      4.33|        1.00|
    +--------+-------+----------+------------+

+ Latency (clock cycles): 
    * Summary: 
    +-----+-----+-----+-----+---------+
    |  Latency  |  Interval | Pipeline|
    | min | max | min | max |   Type  |
    +-----+-----+-----+-----+---------+
    |    4|    4|    4|    4|   none  |
    +-----+-----+-----+-----+---------+

    + Detail: 
        * Instance: 
        N/A

        * Loop: 
        +----------+-----+-----+----------+-----------+-----------+------+----------+
        |          |  Latency  | Iteration|  Initiation Interval  | Trip |          |
        | Loop Name| min | max |  Latency |  achieved |   target  | Count| Pipelined|
        +----------+-----+-----+----------+-----------+-----------+------+----------+
        |- Loop 1  |    2|    2|         2|          -|          -|  inf |    no    |
        +----------+-----+-----+----------+-----------+-----------+------+----------+



================================================================
== Utilization Estimates
================================================================
* Summary: 
+-----------------+---------+-------+-------+-------+
|       Name      | BRAM_18K| DSP48E|   FF  |  LUT  |
+-----------------+---------+-------+-------+-------+
|DSP              |        -|      -|      -|      -|
|Expression       |        -|      -|     89|     49|
|FIFO             |        -|      -|      -|      -|
|Instance         |        -|      -|      -|      -|
|Memory           |        -|      -|      -|      -|
|Multiplexer      |        -|      -|      -|     51|
|Register         |        -|      -|     33|      -|
+-----------------+---------+-------+-------+-------+
|Total            |        0|      0|    122|    100|
+-----------------+---------+-------+-------+-------+
|Available        |      120|     80|  35200|  17600|
+-----------------+---------+-------+-------+-------+
|Utilization (%)  |        0|      0|   ~0  |   ~0  |
+-----------------+---------+-------+-------+-------+

+ Detail: 
    * Instance: 
    N/A

    * DSP48: 
    N/A

    * Memory: 
    N/A

    * FIFO: 
    N/A

    * Expression: 
    +--------------------------------+----------+-------+----+----+------------+------------+
    |          Variable Name         | Operation| DSP48E| FF | LUT| Bitwidth P0| Bitwidth P1|
    +--------------------------------+----------+-------+----+----+------------+------------+
    |ADVIOS_count_V_assig_fu_114_p2  |     +    |      0|  89|  33|          28|           1|
    |tmp_1_fu_121_p2                 |   icmp   |      0|   0|  16|          28|          27|
    +--------------------------------+----------+-------+----+----+------------+------------+
    |Total                           |          |      0|  89|  49|          56|          28|
    +--------------------------------+----------+-------+----+----+------------+------------+

    * Multiplexer: 
    +----------------+----+-----------+-----+-----------+
    |      Name      | LUT| Input Size| Bits| Total Bits|
    +----------------+----+-----------+-----+-----------+
    |ADVIOS_count_V  |  15|          3|   28|         84|
    |ap_NS_fsm       |  27|          5|    1|          5|
    |t_V_fu_86       |   9|          2|   28|         56|
    +----------------+----+-----------+-----+-----------+
    |Total           |  51|         10|   57|        145|
    +----------------+----+-----------+-----+-----------+

    * Register: 
    +---------------+----+----+-----+-----------+
    |      Name     | FF | LUT| Bits| Const Bits|
    +---------------+----+----+-----+-----------+
    |ap_CS_fsm      |   4|   0|    4|          0|
    |t_V_fu_86      |  28|   0|   28|          0|
    |tmp_1_reg_139  |   1|   0|    1|          0|
    +---------------+----+----+-----+-----------+
    |Total          |  33|   0|   33|          0|
    +---------------+----+----+-----+-----------+



================================================================
== Interface
================================================================
* Summary: 
+-----------------------+-----+-----+------------+------------------------------+--------------+
|       RTL Ports       | Dir | Bits|  Protocol  |         Source Object        |    C Type    |
+-----------------------+-----+-----+------------+------------------------------+--------------+
|ap_clk                 |  in |    1| ap_ctrl_hs | ADVIOS::periodic_Incrementer | return value |
|ap_rst                 |  in |    1| ap_ctrl_hs | ADVIOS::periodic_Incrementer | return value |
|ADVIOS_count_V         | out |   28|   ap_vld   |        ADVIOS_count_V        |    pointer   |
|ADVIOS_count_V_ap_vld  | out |    1|   ap_vld   |        ADVIOS_count_V        |    pointer   |
|sec_pulse              | out |    1|   ap_vld   |           sec_pulse          |    pointer   |
|sec_pulse_ap_vld       | out |    1|   ap_vld   |           sec_pulse          |    pointer   |
+-----------------------+-----+-----+------------+------------------------------+--------------+

